{"D:\\Damdafayton\\microverse\\module2\\capstone-javascript\\src\\modules\\Home.js": {"path":"D:\\Damdafayton\\microverse\\module2\\capstone-javascript\\src\\modules\\Home.js","statementMap":{"0":{"start":{"line":9,"column":16},"end":{"line":13,"column":1}},"1":{"start":{"line":10,"column":19},"end":{"line":10,"column":38}},"2":{"start":{"line":11,"column":15},"end":{"line":11,"column":30}},"3":{"start":{"line":12,"column":2},"end":{"line":12,"column":14}},"4":{"start":{"line":14,"column":20},"end":{"line":14,"column":43}},"5":{"start":{"line":14,"column":31},"end":{"line":14,"column":43}},"6":{"start":{"line":16,"column":26},"end":{"line":29,"column":22}},"7":{"start":{"line":16,"column":36},"end":{"line":29,"column":22}},"8":{"start":{"line":31,"column":24},"end":{"line":40,"column":1}},"9":{"start":{"line":32,"column":17},"end":{"line":32,"column":39}},"10":{"start":{"line":33,"column":2},"end":{"line":33,"column":71}},"11":{"start":{"line":34,"column":2},"end":{"line":34,"column":20}},"12":{"start":{"line":35,"column":2},"end":{"line":39,"column":3}},"13":{"start":{"line":35,"column":15},"end":{"line":35,"column":26}},"14":{"start":{"line":36,"column":4},"end":{"line":36,"column":49}},"15":{"start":{"line":38,"column":4},"end":{"line":38,"column":93}},"16":{"start":{"line":42,"column":20},"end":{"line":54,"column":1}},"17":{"start":{"line":43,"column":2},"end":{"line":53,"column":5}},"18":{"start":{"line":44,"column":4},"end":{"line":52,"column":7}},"19":{"start":{"line":45,"column":6},"end":{"line":45,"column":79}},"20":{"start":{"line":45,"column":40},"end":{"line":45,"column":77}},"21":{"start":{"line":46,"column":6},"end":{"line":46,"column":44}},"22":{"start":{"line":48,"column":6},"end":{"line":51,"column":9}},"23":{"start":{"line":49,"column":8},"end":{"line":49,"column":25}},"24":{"start":{"line":50,"column":8},"end":{"line":50,"column":32}}},"fnMap":{"0":{"name":"populateHome","decl":{"start":{"line":5,"column":24},"end":{"line":5,"column":36}},"loc":{"start":{"line":5,"column":39},"end":{"line":7,"column":1}},"line":5},"1":{"name":"(anonymous_1)","decl":{"start":{"line":9,"column":16},"end":{"line":9,"column":17}},"loc":{"start":{"line":9,"column":35},"end":{"line":13,"column":1}},"line":9},"2":{"name":"(anonymous_2)","decl":{"start":{"line":14,"column":20},"end":{"line":14,"column":21}},"loc":{"start":{"line":14,"column":31},"end":{"line":14,"column":43}},"line":14},"3":{"name":"(anonymous_3)","decl":{"start":{"line":16,"column":26},"end":{"line":16,"column":27}},"loc":{"start":{"line":16,"column":36},"end":{"line":29,"column":22}},"line":16},"4":{"name":"(anonymous_4)","decl":{"start":{"line":31,"column":24},"end":{"line":31,"column":25}},"loc":{"start":{"line":31,"column":85},"end":{"line":40,"column":1}},"line":31},"5":{"name":"(anonymous_5)","decl":{"start":{"line":42,"column":20},"end":{"line":42,"column":21}},"loc":{"start":{"line":42,"column":75},"end":{"line":54,"column":1}},"line":42},"6":{"name":"(anonymous_6)","decl":{"start":{"line":43,"column":26},"end":{"line":43,"column":27}},"loc":{"start":{"line":43,"column":39},"end":{"line":53,"column":3}},"line":43},"7":{"name":"(anonymous_7)","decl":{"start":{"line":44,"column":38},"end":{"line":44,"column":39}},"loc":{"start":{"line":44,"column":44},"end":{"line":52,"column":5}},"line":44},"8":{"name":"(anonymous_8)","decl":{"start":{"line":45,"column":30},"end":{"line":45,"column":31}},"loc":{"start":{"line":45,"column":40},"end":{"line":45,"column":77}},"line":45},"9":{"name":"(anonymous_9)","decl":{"start":{"line":48,"column":78},"end":{"line":48,"column":79}},"loc":{"start":{"line":48,"column":84},"end":{"line":51,"column":7}},"line":48}},"branchMap":{"0":{"loc":{"start":{"line":31,"column":65},"end":{"line":31,"column":80}},"type":"default-arg","locations":[{"start":{"line":31,"column":79},"end":{"line":31,"column":80}}],"line":31}},"s":{"0":1,"1":1,"2":0,"3":0,"4":1,"5":0,"6":1,"7":0,"8":1,"9":1,"10":0,"11":0,"12":0,"13":0,"14":0,"15":0,"16":1,"17":0,"18":0,"19":0,"20":0,"21":0,"22":0,"23":0,"24":0},"f":{"0":0,"1":1,"2":0,"3":0,"4":1,"5":0,"6":0,"7":0,"8":0,"9":0},"b":{"0":[1]},"_coverageSchema":"1a1c01bbd47fc00a2c39e90264f33305004495a9","hash":"3cc8c0d18a089f3d9b80aa13643529f6ae786404"}
,"D:\\Damdafayton\\microverse\\module2\\capstone-javascript\\src\\modules\\Likes.js": {"path":"D:\\Damdafayton\\microverse\\module2\\capstone-javascript\\src\\modules\\Likes.js","statementMap":{"0":{"start":{"line":3,"column":16},"end":{"line":3,"column":81}},"1":{"start":{"line":3,"column":28},"end":{"line":3,"column":81}},"2":{"start":{"line":4,"column":17},"end":{"line":8,"column":1}},"3":{"start":{"line":5,"column":14},"end":{"line":5,"column":69}},"4":{"start":{"line":6,"column":17},"end":{"line":6,"column":27}},"5":{"start":{"line":7,"column":2},"end":{"line":7,"column":16}},"6":{"start":{"line":30,"column":21},"end":{"line":35,"column":1}},"7":{"start":{"line":31,"column":18},"end":{"line":31,"column":40}},"8":{"start":{"line":32,"column":17},"end":{"line":32,"column":69}},"9":{"start":{"line":32,"column":42},"end":{"line":32,"column":65}},"10":{"start":{"line":33,"column":2},"end":{"line":33,"column":41}},"11":{"start":{"line":34,"column":2},"end":{"line":34,"column":92}},"12":{"start":{"line":37,"column":23},"end":{"line":45,"column":1}},"13":{"start":{"line":38,"column":20},"end":{"line":38,"column":57}},"14":{"start":{"line":39,"column":2},"end":{"line":44,"column":6}},"15":{"start":{"line":39,"column":30},"end":{"line":44,"column":4}},"16":{"start":{"line":40,"column":15},"end":{"line":40,"column":36}},"17":{"start":{"line":41,"column":4},"end":{"line":41,"column":16}},"18":{"start":{"line":42,"column":4},"end":{"line":42,"column":33}},"19":{"start":{"line":43,"column":4},"end":{"line":43,"column":59}}},"fnMap":{"0":{"name":"(anonymous_0)","decl":{"start":{"line":3,"column":16},"end":{"line":3,"column":17}},"loc":{"start":{"line":3,"column":28},"end":{"line":3,"column":81}},"line":3},"1":{"name":"(anonymous_1)","decl":{"start":{"line":4,"column":17},"end":{"line":4,"column":18}},"loc":{"start":{"line":4,"column":35},"end":{"line":8,"column":1}},"line":4},"2":{"name":"(anonymous_2)","decl":{"start":{"line":30,"column":21},"end":{"line":30,"column":22}},"loc":{"start":{"line":30,"column":49},"end":{"line":35,"column":1}},"line":30},"3":{"name":"(anonymous_3)","decl":{"start":{"line":32,"column":32},"end":{"line":32,"column":33}},"loc":{"start":{"line":32,"column":42},"end":{"line":32,"column":65}},"line":32},"4":{"name":"(anonymous_4)","decl":{"start":{"line":37,"column":23},"end":{"line":37,"column":24}},"loc":{"start":{"line":37,"column":29},"end":{"line":45,"column":1}},"line":37},"5":{"name":"(anonymous_5)","decl":{"start":{"line":39,"column":20},"end":{"line":39,"column":21}},"loc":{"start":{"line":39,"column":30},"end":{"line":44,"column":4}},"line":39},"6":{"name":"(anonymous_6)","decl":{"start":{"line":39,"column":61},"end":{"line":39,"column":62}},"loc":{"start":{"line":39,"column":73},"end":{"line":44,"column":3}},"line":39}},"branchMap":{"0":{"loc":{"start":{"line":33,"column":14},"end":{"line":33,"column":39}},"type":"cond-expr","locations":[{"start":{"line":33,"column":23},"end":{"line":33,"column":35}},{"start":{"line":33,"column":38},"end":{"line":33,"column":39}}],"line":33},"1":{"loc":{"start":{"line":34,"column":45},"end":{"line":34,"column":89}},"type":"cond-expr","locations":[{"start":{"line":34,"column":54},"end":{"line":34,"column":77}},{"start":{"line":34,"column":80},"end":{"line":34,"column":89}}],"line":34}},"s":{"0":1,"1":0,"2":1,"3":0,"4":0,"5":0,"6":1,"7":0,"8":0,"9":0,"10":0,"11":0,"12":1,"13":0,"14":0,"15":0,"16":0,"17":0,"18":0,"19":0},"f":{"0":0,"1":0,"2":0,"3":0,"4":0,"5":0,"6":0},"b":{"0":[0,0],"1":[0,0]},"_coverageSchema":"1a1c01bbd47fc00a2c39e90264f33305004495a9","hash":"9ef2f37126421baf6a8fc7553713de999d531a89"}
,"D:\\Damdafayton\\microverse\\module2\\capstone-javascript\\src\\modules\\PopUp.js": {"path":"D:\\Damdafayton\\microverse\\module2\\capstone-javascript\\src\\modules\\PopUp.js","statementMap":{"0":{"start":{"line":4,"column":24},"end":{"line":8,"column":11}},"1":{"start":{"line":4,"column":33},"end":{"line":8,"column":11}},"2":{"start":{"line":6,"column":19},"end":{"line":6,"column":57}},"3":{"start":{"line":10,"column":21},"end":{"line":10,"column":74}},"4":{"start":{"line":10,"column":31},"end":{"line":10,"column":73}},"5":{"start":{"line":11,"column":21},"end":{"line":11,"column":26}},"6":{"start":{"line":12,"column":18},"end":{"line":12,"column":30}},"7":{"start":{"line":14,"column":22},"end":{"line":14,"column":84}},"8":{"start":{"line":14,"column":32},"end":{"line":14,"column":84}},"9":{"start":{"line":14,"column":70},"end":{"line":14,"column":83}},"10":{"start":{"line":16,"column":21},"end":{"line":79,"column":1}},"11":{"start":{"line":17,"column":21},"end":{"line":17,"column":59}},"12":{"start":{"line":18,"column":21},"end":{"line":18,"column":61}},"13":{"start":{"line":19,"column":2},"end":{"line":19,"column":40}},"14":{"start":{"line":20,"column":2},"end":{"line":78,"column":44}},"15":{"start":{"line":22,"column":6},"end":{"line":22,"column":32}},"16":{"start":{"line":23,"column":6},"end":{"line":23,"column":28}},"17":{"start":{"line":35,"column":10},"end":{"line":35,"column":18}},"18":{"start":{"line":36,"column":6},"end":{"line":69,"column":20}},"19":{"start":{"line":72,"column":25},"end":{"line":72,"column":63}},"20":{"start":{"line":73,"column":6},"end":{"line":75,"column":9}},"21":{"start":{"line":74,"column":8},"end":{"line":74,"column":43}},"22":{"start":{"line":77,"column":16},"end":{"line":77,"column":38}},"23":{"start":{"line":78,"column":16},"end":{"line":78,"column":42}},"24":{"start":{"line":82,"column":16},"end":{"line":82,"column":56}},"25":{"start":{"line":83,"column":2},"end":{"line":91,"column":5}},"26":{"start":{"line":84,"column":16},"end":{"line":84,"column":48}},"27":{"start":{"line":85,"column":4},"end":{"line":90,"column":7}},"28":{"start":{"line":86,"column":21},"end":{"line":86,"column":93}},"29":{"start":{"line":87,"column":24},"end":{"line":87,"column":45}},"30":{"start":{"line":88,"column":6},"end":{"line":88,"column":47}},"31":{"start":{"line":89,"column":6},"end":{"line":89,"column":29}}},"fnMap":{"0":{"name":"(anonymous_0)","decl":{"start":{"line":4,"column":24},"end":{"line":4,"column":25}},"loc":{"start":{"line":4,"column":33},"end":{"line":8,"column":11}},"line":4},"1":{"name":"(anonymous_1)","decl":{"start":{"line":6,"column":7},"end":{"line":6,"column":8}},"loc":{"start":{"line":6,"column":19},"end":{"line":6,"column":57}},"line":6},"2":{"name":"(anonymous_2)","decl":{"start":{"line":10,"column":21},"end":{"line":10,"column":22}},"loc":{"start":{"line":10,"column":31},"end":{"line":10,"column":73}},"line":10},"3":{"name":"(anonymous_3)","decl":{"start":{"line":14,"column":22},"end":{"line":14,"column":23}},"loc":{"start":{"line":14,"column":32},"end":{"line":14,"column":84}},"line":14},"4":{"name":"(anonymous_4)","decl":{"start":{"line":14,"column":58},"end":{"line":14,"column":59}},"loc":{"start":{"line":14,"column":70},"end":{"line":14,"column":83}},"line":14},"5":{"name":"(anonymous_5)","decl":{"start":{"line":16,"column":21},"end":{"line":16,"column":22}},"loc":{"start":{"line":16,"column":31},"end":{"line":79,"column":1}},"line":16},"6":{"name":"(anonymous_6)","decl":{"start":{"line":21,"column":10},"end":{"line":21,"column":11}},"loc":{"start":{"line":21,"column":24},"end":{"line":70,"column":5}},"line":21},"7":{"name":"(anonymous_7)","decl":{"start":{"line":71,"column":10},"end":{"line":71,"column":11}},"loc":{"start":{"line":71,"column":16},"end":{"line":76,"column":5}},"line":71},"8":{"name":"(anonymous_8)","decl":{"start":{"line":73,"column":43},"end":{"line":73,"column":44}},"loc":{"start":{"line":73,"column":49},"end":{"line":75,"column":7}},"line":73},"9":{"name":"(anonymous_9)","decl":{"start":{"line":77,"column":10},"end":{"line":77,"column":11}},"loc":{"start":{"line":77,"column":16},"end":{"line":77,"column":38}},"line":77},"10":{"name":"(anonymous_10)","decl":{"start":{"line":78,"column":10},"end":{"line":78,"column":11}},"loc":{"start":{"line":78,"column":16},"end":{"line":78,"column":42}},"line":78},"11":{"name":"(anonymous_11)","decl":{"start":{"line":81,"column":15},"end":{"line":81,"column":16}},"loc":{"start":{"line":81,"column":21},"end":{"line":92,"column":1}},"line":81},"12":{"name":"(anonymous_12)","decl":{"start":{"line":83,"column":16},"end":{"line":83,"column":17}},"loc":{"start":{"line":83,"column":26},"end":{"line":91,"column":3}},"line":83},"13":{"name":"(anonymous_13)","decl":{"start":{"line":85,"column":34},"end":{"line":85,"column":35}},"loc":{"start":{"line":85,"column":41},"end":{"line":90,"column":5}},"line":85}},"branchMap":{"0":{"loc":{"start":{"line":6,"column":19},"end":{"line":6,"column":57}},"type":"cond-expr","locations":[{"start":{"line":6,"column":44},"end":{"line":6,"column":52}},{"start":{"line":6,"column":55},"end":{"line":6,"column":57}}],"line":6},"1":{"loc":{"start":{"line":6,"column":20},"end":{"line":6,"column":40}},"type":"binary-expr","locations":[{"start":{"line":6,"column":20},"end":{"line":6,"column":31}},{"start":{"line":6,"column":35},"end":{"line":6,"column":40}}],"line":6},"2":{"loc":{"start":{"line":10,"column":31},"end":{"line":10,"column":73}},"type":"cond-expr","locations":[{"start":{"line":10,"column":41},"end":{"line":10,"column":56}},{"start":{"line":10,"column":59},"end":{"line":10,"column":73}}],"line":10},"3":{"loc":{"start":{"line":42,"column":39},"end":{"line":42,"column":91}},"type":"cond-expr","locations":[{"start":{"line":42,"column":60},"end":{"line":42,"column":72}},{"start":{"line":42,"column":75},"end":{"line":42,"column":91}}],"line":42},"4":{"loc":{"start":{"line":43,"column":38},"end":{"line":43,"column":89}},"type":"cond-expr","locations":[{"start":{"line":43,"column":58},"end":{"line":43,"column":70}},{"start":{"line":43,"column":73},"end":{"line":43,"column":89}}],"line":43}},"s":{"0":1,"1":0,"2":0,"3":1,"4":0,"5":1,"6":1,"7":1,"8":0,"9":0,"10":1,"11":0,"12":0,"13":0,"14":0,"15":0,"16":0,"17":0,"18":0,"19":0,"20":0,"21":0,"22":0,"23":0,"24":0,"25":0,"26":0,"27":0,"28":0,"29":0,"30":0,"31":0},"f":{"0":0,"1":0,"2":0,"3":0,"4":0,"5":0,"6":0,"7":0,"8":0,"9":0,"10":0,"11":0,"12":0,"13":0},"b":{"0":[0,0],"1":[0,0],"2":[0,0],"3":[0,0],"4":[0,0]},"_coverageSchema":"1a1c01bbd47fc00a2c39e90264f33305004495a9","hash":"acaa787126e812cf94ca4c71d2b5aabc76f85f53"}
,"D:\\Damdafayton\\microverse\\module2\\capstone-javascript\\src\\modules\\api.js": {"path":"D:\\Damdafayton\\microverse\\module2\\capstone-javascript\\src\\modules\\api.js","statementMap":{"0":{"start":{"line":3,"column":14},"end":{"line":3,"column":36}},"1":{"start":{"line":4,"column":23},"end":{"line":4,"column":106}},"2":{"start":{"line":5,"column":17},"end":{"line":5,"column":139}},"3":{"start":{"line":6,"column":16},"end":{"line":6,"column":37}},"4":{"start":{"line":8,"column":27},"end":{"line":8,"column":54}},"5":{"start":{"line":9,"column":16},"end":{"line":9,"column":182}},"6":{"start":{"line":9,"column":26},"end":{"line":9,"column":182}}},"fnMap":{"0":{"name":"(anonymous_0)","decl":{"start":{"line":9,"column":16},"end":{"line":9,"column":17}},"loc":{"start":{"line":9,"column":26},"end":{"line":9,"column":182}},"line":9}},"branchMap":{},"s":{"0":2,"1":2,"2":2,"3":2,"4":2,"5":2,"6":0},"f":{"0":0},"b":{},"_coverageSchema":"1a1c01bbd47fc00a2c39e90264f33305004495a9","hash":"dcb7cd0452817006b889d7135711a072db382e8c"}
,"D:\\Damdafayton\\microverse\\module2\\capstone-javascript\\src\\modules\\comments.js": {"path":"D:\\Damdafayton\\microverse\\module2\\capstone-javascript\\src\\modules\\comments.js","statementMap":{"0":{"start":{"line":4,"column":2},"end":{"line":5,"column":68}},"1":{"start":{"line":5,"column":24},"end":{"line":5,"column":66}},"2":{"start":{"line":9,"column":2},"end":{"line":9,"column":59}},"3":{"start":{"line":13,"column":2},"end":{"line":27,"column":7}},"4":{"start":{"line":15,"column":6},"end":{"line":26,"column":7}},"5":{"start":{"line":16,"column":25},"end":{"line":16,"column":60}},"6":{"start":{"line":17,"column":8},"end":{"line":17,"column":96}},"7":{"start":{"line":18,"column":8},"end":{"line":24,"column":11}},"8":{"start":{"line":19,"column":65},"end":{"line":19,"column":76}},"9":{"start":{"line":20,"column":20},"end":{"line":20,"column":47}},"10":{"start":{"line":21,"column":10},"end":{"line":21,"column":49}},"11":{"start":{"line":22,"column":10},"end":{"line":22,"column":40}},"12":{"start":{"line":23,"column":10},"end":{"line":23,"column":34}},"13":{"start":{"line":25,"column":8},"end":{"line":25,"column":44}},"14":{"start":{"line":31,"column":2},"end":{"line":35,"column":5}},"15":{"start":{"line":39,"column":18},"end":{"line":39,"column":65}},"16":{"start":{"line":40,"column":2},"end":{"line":47,"column":5}},"17":{"start":{"line":41,"column":4},"end":{"line":41,"column":23}},"18":{"start":{"line":42,"column":17},"end":{"line":42,"column":38}},"19":{"start":{"line":43,"column":75},"end":{"line":43,"column":79}},"20":{"start":{"line":44,"column":17},"end":{"line":44,"column":71}},"21":{"start":{"line":45,"column":4},"end":{"line":46,"column":79}},"22":{"start":{"line":46,"column":26},"end":{"line":46,"column":77}}},"fnMap":{"0":{"name":"commentsFetch","decl":{"start":{"line":3,"column":9},"end":{"line":3,"column":22}},"loc":{"start":{"line":3,"column":29},"end":{"line":6,"column":1}},"line":3},"1":{"name":"(anonymous_1)","decl":{"start":{"line":5,"column":10},"end":{"line":5,"column":11}},"loc":{"start":{"line":5,"column":24},"end":{"line":5,"column":66}},"line":5},"2":{"name":"commentCounter","decl":{"start":{"line":8,"column":16},"end":{"line":8,"column":30}},"loc":{"start":{"line":8,"column":33},"end":{"line":10,"column":1}},"line":8},"3":{"name":"commentsPopulate","decl":{"start":{"line":12,"column":16},"end":{"line":12,"column":32}},"loc":{"start":{"line":12,"column":39},"end":{"line":28,"column":1}},"line":12},"4":{"name":"(anonymous_4)","decl":{"start":{"line":14,"column":10},"end":{"line":14,"column":11}},"loc":{"start":{"line":14,"column":27},"end":{"line":27,"column":5}},"line":14},"5":{"name":"(anonymous_5)","decl":{"start":{"line":18,"column":28},"end":{"line":18,"column":29}},"loc":{"start":{"line":18,"column":45},"end":{"line":24,"column":9}},"line":18},"6":{"name":"commentSubmitToApi","decl":{"start":{"line":30,"column":9},"end":{"line":30,"column":27}},"loc":{"start":{"line":30,"column":34},"end":{"line":36,"column":1}},"line":30},"7":{"name":"commentSubmitHandler","decl":{"start":{"line":38,"column":16},"end":{"line":38,"column":36}},"loc":{"start":{"line":38,"column":45},"end":{"line":48,"column":1}},"line":38},"8":{"name":"(anonymous_8)","decl":{"start":{"line":40,"column":36},"end":{"line":40,"column":37}},"loc":{"start":{"line":40,"column":43},"end":{"line":47,"column":3}},"line":40},"9":{"name":"(anonymous_9)","decl":{"start":{"line":46,"column":12},"end":{"line":46,"column":13}},"loc":{"start":{"line":46,"column":26},"end":{"line":46,"column":77}},"line":46}},"branchMap":{"0":{"loc":{"start":{"line":5,"column":24},"end":{"line":5,"column":66}},"type":"binary-expr","locations":[{"start":{"line":5,"column":24},"end":{"line":5,"column":47}},{"start":{"line":5,"column":51},"end":{"line":5,"column":66}}],"line":5},"1":{"loc":{"start":{"line":15,"column":6},"end":{"line":26,"column":7}},"type":"if","locations":[{"start":{"line":15,"column":6},"end":{"line":26,"column":7}},{"start":{},"end":{}}],"line":15},"2":{"loc":{"start":{"line":46,"column":26},"end":{"line":46,"column":77}},"type":"binary-expr","locations":[{"start":{"line":46,"column":26},"end":{"line":46,"column":49}},{"start":{"line":46,"column":53},"end":{"line":46,"column":77}}],"line":46}},"s":{"0":0,"1":0,"2":1,"3":0,"4":0,"5":0,"6":0,"7":0,"8":0,"9":0,"10":0,"11":0,"12":0,"13":0,"14":0,"15":0,"16":0,"17":0,"18":0,"19":0,"20":0,"21":0,"22":0},"f":{"0":0,"1":0,"2":1,"3":0,"4":0,"5":0,"6":0,"7":0,"8":0,"9":0},"b":{"0":[0,0],"1":[0,0],"2":[0,0]},"_coverageSchema":"1a1c01bbd47fc00a2c39e90264f33305004495a9","hash":"3047429c847c1e2d33be6dae1ba1d9c8cf17fa33"}
,"D:\\Damdafayton\\microverse\\module2\\capstone-javascript\\src\\modules\\request.js": {"path":"D:\\Damdafayton\\microverse\\module2\\capstone-javascript\\src\\modules\\request.js","statementMap":{"0":{"start":{"line":3,"column":4},"end":{"line":3,"column":19}},"1":{"start":{"line":7,"column":4},"end":{"line":13,"column":7}},"2":{"start":{"line":17,"column":4},"end":{"line":17,"column":48}}},"fnMap":{"0":{"name":"(anonymous_0)","decl":{"start":{"line":2,"column":2},"end":{"line":2,"column":3}},"loc":{"start":{"line":2,"column":19},"end":{"line":4,"column":3}},"line":2},"1":{"name":"(anonymous_1)","decl":{"start":{"line":6,"column":2},"end":{"line":6,"column":3}},"loc":{"start":{"line":6,"column":23},"end":{"line":14,"column":3}},"line":6},"2":{"name":"(anonymous_2)","decl":{"start":{"line":16,"column":2},"end":{"line":16,"column":3}},"loc":{"start":{"line":16,"column":16},"end":{"line":18,"column":3}},"line":16}},"branchMap":{},"s":{"0":4,"1":0,"2":1},"f":{"0":4,"1":0,"2":1},"b":{},"_coverageSchema":"1a1c01bbd47fc00a2c39e90264f33305004495a9","hash":"5faa00c89bfab05d2c3c8dc2e55b52cfda058d96"}
}
