{"D:\\Damdafayton\\microverse\\module2\\capstone-javascript\\src\\modules\\api.js": {"path":"D:\\Damdafayton\\microverse\\module2\\capstone-javascript\\src\\modules\\api.js","statementMap":{"0":{"start":{"line":3,"column":17},"end":{"line":3,"column":139}},"1":{"start":{"line":4,"column":16},"end":{"line":4,"column":37}},"2":{"start":{"line":5,"column":14},"end":{"line":5,"column":36}},"3":{"start":{"line":6,"column":23},"end":{"line":6,"column":97}},"4":{"start":{"line":7,"column":16},"end":{"line":7,"column":182}},"5":{"start":{"line":7,"column":26},"end":{"line":7,"column":182}}},"fnMap":{"0":{"name":"(anonymous_0)","decl":{"start":{"line":7,"column":16},"end":{"line":7,"column":17}},"loc":{"start":{"line":7,"column":26},"end":{"line":7,"column":182}},"line":7}},"branchMap":{},"s":{"0":1,"1":1,"2":1,"3":1,"4":1,"5":0},"f":{"0":0},"b":{},"_coverageSchema":"1a1c01bbd47fc00a2c39e90264f33305004495a9","hash":"a275f25ff0906d9b3c705be388f14bb933f5516a"}
,"D:\\Damdafayton\\microverse\\module2\\capstone-javascript\\src\\modules\\comments.js": {"path":"D:\\Damdafayton\\microverse\\module2\\capstone-javascript\\src\\modules\\comments.js","statementMap":{"0":{"start":{"line":4,"column":2},"end":{"line":5,"column":67}},"1":{"start":{"line":5,"column":24},"end":{"line":5,"column":66}},"2":{"start":{"line":9,"column":2},"end":{"line":9,"column":58}},"3":{"start":{"line":13,"column":2},"end":{"line":29,"column":5}},"4":{"start":{"line":15,"column":6},"end":{"line":26,"column":7}},"5":{"start":{"line":16,"column":25},"end":{"line":16,"column":60}},"6":{"start":{"line":17,"column":8},"end":{"line":17,"column":96}},"7":{"start":{"line":18,"column":8},"end":{"line":24,"column":11}},"8":{"start":{"line":19,"column":65},"end":{"line":19,"column":76}},"9":{"start":{"line":20,"column":20},"end":{"line":20,"column":47}},"10":{"start":{"line":21,"column":10},"end":{"line":21,"column":49}},"11":{"start":{"line":22,"column":10},"end":{"line":22,"column":40}},"12":{"start":{"line":23,"column":10},"end":{"line":23,"column":34}},"13":{"start":{"line":25,"column":8},"end":{"line":25,"column":44}},"14":{"start":{"line":28,"column":16},"end":{"line":28,"column":45}},"15":{"start":{"line":33,"column":2},"end":{"line":37,"column":5}},"16":{"start":{"line":41,"column":18},"end":{"line":41,"column":65}},"17":{"start":{"line":42,"column":2},"end":{"line":49,"column":5}},"18":{"start":{"line":43,"column":4},"end":{"line":43,"column":23}},"19":{"start":{"line":44,"column":17},"end":{"line":44,"column":38}},"20":{"start":{"line":45,"column":75},"end":{"line":45,"column":79}},"21":{"start":{"line":46,"column":17},"end":{"line":46,"column":71}},"22":{"start":{"line":47,"column":4},"end":{"line":48,"column":79}},"23":{"start":{"line":48,"column":26},"end":{"line":48,"column":77}}},"fnMap":{"0":{"name":"commentsFetch","decl":{"start":{"line":3,"column":9},"end":{"line":3,"column":22}},"loc":{"start":{"line":3,"column":29},"end":{"line":6,"column":1}},"line":3},"1":{"name":"(anonymous_1)","decl":{"start":{"line":5,"column":10},"end":{"line":5,"column":11}},"loc":{"start":{"line":5,"column":24},"end":{"line":5,"column":66}},"line":5},"2":{"name":"commentCounter","decl":{"start":{"line":8,"column":16},"end":{"line":8,"column":30}},"loc":{"start":{"line":8,"column":33},"end":{"line":10,"column":1}},"line":8},"3":{"name":"commentsPopulate","decl":{"start":{"line":12,"column":16},"end":{"line":12,"column":32}},"loc":{"start":{"line":12,"column":39},"end":{"line":30,"column":1}},"line":12},"4":{"name":"(anonymous_4)","decl":{"start":{"line":14,"column":10},"end":{"line":14,"column":11}},"loc":{"start":{"line":14,"column":27},"end":{"line":27,"column":5}},"line":14},"5":{"name":"(anonymous_5)","decl":{"start":{"line":18,"column":28},"end":{"line":18,"column":29}},"loc":{"start":{"line":18,"column":45},"end":{"line":24,"column":9}},"line":18},"6":{"name":"(anonymous_6)","decl":{"start":{"line":28,"column":10},"end":{"line":28,"column":11}},"loc":{"start":{"line":28,"column":16},"end":{"line":28,"column":45}},"line":28},"7":{"name":"commentSubmitToApi","decl":{"start":{"line":32,"column":9},"end":{"line":32,"column":27}},"loc":{"start":{"line":32,"column":34},"end":{"line":38,"column":1}},"line":32},"8":{"name":"commentSubmitHandler","decl":{"start":{"line":40,"column":16},"end":{"line":40,"column":36}},"loc":{"start":{"line":40,"column":45},"end":{"line":50,"column":1}},"line":40},"9":{"name":"(anonymous_9)","decl":{"start":{"line":42,"column":36},"end":{"line":42,"column":37}},"loc":{"start":{"line":42,"column":43},"end":{"line":49,"column":3}},"line":42},"10":{"name":"(anonymous_10)","decl":{"start":{"line":48,"column":12},"end":{"line":48,"column":13}},"loc":{"start":{"line":48,"column":26},"end":{"line":48,"column":77}},"line":48}},"branchMap":{"0":{"loc":{"start":{"line":5,"column":24},"end":{"line":5,"column":66}},"type":"binary-expr","locations":[{"start":{"line":5,"column":24},"end":{"line":5,"column":47}},{"start":{"line":5,"column":51},"end":{"line":5,"column":66}}],"line":5},"1":{"loc":{"start":{"line":15,"column":6},"end":{"line":26,"column":7}},"type":"if","locations":[{"start":{"line":15,"column":6},"end":{"line":26,"column":7}},{"start":{},"end":{}}],"line":15},"2":{"loc":{"start":{"line":48,"column":26},"end":{"line":48,"column":77}},"type":"binary-expr","locations":[{"start":{"line":48,"column":26},"end":{"line":48,"column":49}},{"start":{"line":48,"column":53},"end":{"line":48,"column":77}}],"line":48}},"s":{"0":0,"1":0,"2":1,"3":0,"4":0,"5":0,"6":0,"7":0,"8":0,"9":0,"10":0,"11":0,"12":0,"13":0,"14":0,"15":0,"16":0,"17":0,"18":0,"19":0,"20":0,"21":0,"22":0,"23":0},"f":{"0":0,"1":0,"2":1,"3":0,"4":0,"5":0,"6":0,"7":0,"8":0,"9":0,"10":0},"b":{"0":[0,0],"1":[0,0],"2":[0,0]},"_coverageSchema":"1a1c01bbd47fc00a2c39e90264f33305004495a9","hash":"ceb5bf9e82d8f253d3d676800ac7a3741fc18722"}
,"D:\\Damdafayton\\microverse\\module2\\capstone-javascript\\src\\modules\\request.js": {"path":"D:\\Damdafayton\\microverse\\module2\\capstone-javascript\\src\\modules\\request.js","statementMap":{"0":{"start":{"line":3,"column":4},"end":{"line":3,"column":19}},"1":{"start":{"line":7,"column":4},"end":{"line":13,"column":7}},"2":{"start":{"line":17,"column":4},"end":{"line":17,"column":48}}},"fnMap":{"0":{"name":"(anonymous_0)","decl":{"start":{"line":2,"column":2},"end":{"line":2,"column":3}},"loc":{"start":{"line":2,"column":19},"end":{"line":4,"column":3}},"line":2},"1":{"name":"(anonymous_1)","decl":{"start":{"line":6,"column":2},"end":{"line":6,"column":3}},"loc":{"start":{"line":6,"column":23},"end":{"line":14,"column":3}},"line":6},"2":{"name":"(anonymous_2)","decl":{"start":{"line":16,"column":2},"end":{"line":16,"column":3}},"loc":{"start":{"line":16,"column":16},"end":{"line":18,"column":3}},"line":16}},"branchMap":{},"s":{"0":1,"1":0,"2":0},"f":{"0":1,"1":0,"2":0},"b":{},"_coverageSchema":"1a1c01bbd47fc00a2c39e90264f33305004495a9","hash":"5faa00c89bfab05d2c3c8dc2e55b52cfda058d96"}
}
