TN:
SF:src\modules\api.js
FN:7,(anonymous_0)
FNF:1
FNH:0
FNDA:0,(anonymous_0)
DA:3,1
DA:4,1
DA:5,1
DA:6,1
DA:7,1
LF:5
LH:5
BRF:0
BRH:0
end_of_record
TN:
SF:src\modules\comments.js
FN:3,commentsFetch
FN:5,(anonymous_1)
FN:8,commentCounter
FN:12,commentsPopulate
FN:14,(anonymous_4)
FN:18,(anonymous_5)
FN:28,(anonymous_6)
FN:32,commentSubmitToApi
FN:40,commentSubmitHandler
FN:42,(anonymous_9)
FN:48,(anonymous_10)
FNF:11
FNH:1
FNDA:0,commentsFetch
FNDA:0,(anonymous_1)
FNDA:1,commentCounter
FNDA:0,commentsPopulate
FNDA:0,(anonymous_4)
FNDA:0,(anonymous_5)
FNDA:0,(anonymous_6)
FNDA:0,commentSubmitToApi
FNDA:0,commentSubmitHandler
FNDA:0,(anonymous_9)
FNDA:0,(anonymous_10)
DA:4,0
DA:5,0
DA:9,1
DA:13,0
DA:15,0
DA:16,0
DA:17,0
DA:18,0
DA:19,0
DA:20,0
DA:21,0
DA:22,0
DA:23,0
DA:25,0
DA:28,0
DA:33,0
DA:41,0
DA:42,0
DA:43,0
DA:44,0
DA:45,0
DA:46,0
DA:47,0
DA:48,0
LF:24
LH:1
BRDA:5,0,0,0
BRDA:5,0,1,0
BRDA:15,1,0,0
BRDA:15,1,1,0
BRDA:48,2,0,0
BRDA:48,2,1,0
BRF:6
BRH:0
end_of_record
TN:
SF:src\modules\request.js
FN:2,(anonymous_0)
FN:6,(anonymous_1)
FN:16,(anonymous_2)
FNF:3
FNH:1
FNDA:1,(anonymous_0)
FNDA:0,(anonymous_1)
FNDA:0,(anonymous_2)
DA:3,1
DA:7,0
DA:17,0
LF:3
LH:1
BRF:0
BRH:0
end_of_record
